=== Fusion2X [GUI] Log Started: 2025-05-26 19:33:30 ===
[2025-05-26 19:33:38] [INFO] User clicked Run. Collected config:
[2025-05-26 19:33:38] [INFO] {
  "task": "both",
  "input_format": "gif",
  "output_format": "png",
  "input_path": "E:/a/flowframes/uzaki-chan.gif",
  "output_path": "E:/a/flowframes",
  "upscaling": {
    "enabled": true,
    "model_name": "waifu2x-ncnn-vulkan",
    "params": {
      "scale": 2,
      "noise_level": 2,
      "mode": "noise_scale",
      "output_format": "png",
      "gpu_id": 0,
      "threads": 2
    }
  },
  "interpolation": {
    "enabled": true,
    "model_name": "rife-ncnn-vulkan",
    "params": {
      "times": 2,
      "output_format": "png",
      "threads": 4,
      "gpu_id": 0,
      "tta_mode": false,
      "uhd_mode": false
    }
  },
  "misc": {
    "keep_temp": false,
    "log_level": "info",
    "overwrite": true,
    "batch": false
  },
  "log_path": "logs\\fusion2x_20250526_193330_f5pp4g.log"
}
[2025-05-26 19:33:38] [INFO] Fusion2X receiver started.
[2025-05-26 19:33:38] [INFO] Received JSON from stdin.
[2025-05-26 19:33:38] [INFO] Received job config: {
  "task": "both",
  "input_format": "gif",
  "output_format": "png",
  "input_path": "E:/a/flowframes/uzaki-chan.gif",
  "output_path": "E:/a/flowframes",
  "upscaling": {
    "enabled": true,
    "model_name": "waifu2x-ncnn-vulkan",
    "params": {
      "scale": 2,
      "noise_level": 2,
      "mode": "noise_scale",
      "output_format": "png",
      "gpu_id": 0,
      "threads": 2
    }
  },
  "interpolation": {
    "enabled": true,
    "model_name": "rife-ncnn-vulkan",
    "params": {
      "times": 2,
      "output_format": "png",
      "threads": 4,
      "gpu_id": 0,
      "tta_mode": false,
      "uhd_mode": false
    }
  },
  "misc": {
    "keep_temp": false,
    "log_level": "info",
    "overwrite": true,
    "batch": false
  },
  "log_path": "logs\\fusion2x_20250526_193330_f5pp4g.log"
}
[2025-05-26 19:33:38] [INFO] Started Fusion2X operator for file: E:\a\flowframes\uzaki-chan.gif
[2025-05-26 19:33:38] [INFO] Job config: {'task': 'both', 'input_format': 'gif', 'output_format': 'png', 'input_path': 'E:/a/flowframes/uzaki-chan.gif', 'output_path': 'E:/a/flowframes', 'upscaling': {'enabled': True, 'model_name': 'waifu2x-ncnn-vulkan', 'params': {'scale': 2, 'noise_level': 2, 'mode': 'noise_scale', 'output_format': 'png', 'gpu_id': 0, 'threads': 2}}, 'interpolation': {'enabled': True, 'model_name': 'rife-ncnn-vulkan', 'params': {'times': 2, 'output_format': 'png', 'threads': 4, 'gpu_id': 0, 'tta_mode': False, 'uhd_mode': False}}, 'misc': {'keep_temp': False, 'log_level': 'info', 'overwrite': True, 'batch': False}, 'log_path': 'logs\\fusion2x_20250526_193330_f5pp4g.log'}
[2025-05-26 19:33:38] [INFO] Detected video or gif input. Beginning frame extraction.
[2025-05-26 19:33:38] [INFO] [VideoDecoder] Running: ffmpeg -i E:\a\flowframes\uzaki-chan.gif -vsync 0 E:\a\flowframes\uzaki-chan_fusion2x_temp_20250526_193338_b6601e\frames\frame_%06d.png -hide_banner -loglevel error
[2025-05-26 19:33:38] [INFO] Extracted frames. Metadata: {'frame_count': 36, 'resolution': '539x539', 'fps': 25.0}
[2025-05-26 19:33:38] [INFO] Starting upscaling process.
[2025-05-26 19:33:38] [INFO] Running upscaling model: waifu2x-ncnn-vulkan
[2025-05-26 19:33:38] [ERROR] Upscaling model 'waifu2x-ncnn-vulkan' failed: find_model_executable() got an unexpected keyword argument 'logger'
[2025-05-26 19:33:38] [ERROR] find_model_executable() got an unexpected keyword argument 'logger'
[2025-05-26 19:33:38] [INFO] Job result: {'status': 'error', 'log_path': 'logs\\fusion2x_20250526_193330_f5pp4g.log', 'message': "find_model_executable() got an unexpected keyword argument 'logger'", 'output_path': None}
[2025-05-26 19:33:38] [INFO] Receiver.py output: {'status': 'error', 'log_path': 'logs\\fusion2x_20250526_193330_f5pp4g.log', 'message': "find_model_executable() got an unexpected keyword argument 'logger'", 'output_path': None}
[2025-05-26 19:34:22] [INFO] User clicked Run. Collected config:
[2025-05-26 19:34:22] [INFO] {
  "task": "both",
  "input_format": "gif",
  "output_format": "png",
  "input_path": "E:/a/flowframes/uzaki-chan.gif",
  "output_path": "E:/a/flowframes",
  "upscaling": {
    "enabled": true,
    "model_name": "waifu2x-ncnn-vulkan",
    "params": {
      "scale": 2,
      "noise_level": 2,
      "mode": "noise_scale",
      "output_format": "png",
      "gpu_id": 0,
      "threads": 2
    }
  },
  "interpolation": {
    "enabled": true,
    "model_name": "rife-ncnn-vulkan",
    "params": {
      "times": 2,
      "output_format": "png",
      "threads": 4,
      "gpu_id": 0,
      "tta_mode": false,
      "uhd_mode": false
    }
  },
  "misc": {
    "keep_temp": false,
    "log_level": "info",
    "overwrite": true,
    "batch": false
  },
  "log_path": "logs\\fusion2x_20250526_193330_f5pp4g.log"
}
[2025-05-26 19:34:22] [INFO] Fusion2X receiver started.
[2025-05-26 19:34:22] [INFO] Received JSON from stdin.
[2025-05-26 19:34:22] [INFO] Received job config: {
  "task": "both",
  "input_format": "gif",
  "output_format": "png",
  "input_path": "E:/a/flowframes/uzaki-chan.gif",
  "output_path": "E:/a/flowframes",
  "upscaling": {
    "enabled": true,
    "model_name": "waifu2x-ncnn-vulkan",
    "params": {
      "scale": 2,
      "noise_level": 2,
      "mode": "noise_scale",
      "output_format": "png",
      "gpu_id": 0,
      "threads": 2
    }
  },
  "interpolation": {
    "enabled": true,
    "model_name": "rife-ncnn-vulkan",
    "params": {
      "times": 2,
      "output_format": "png",
      "threads": 4,
      "gpu_id": 0,
      "tta_mode": false,
      "uhd_mode": false
    }
  },
  "misc": {
    "keep_temp": false,
    "log_level": "info",
    "overwrite": true,
    "batch": false
  },
  "log_path": "logs\\fusion2x_20250526_193330_f5pp4g.log"
}
[2025-05-26 19:34:22] [INFO] Started Fusion2X operator for file: E:\a\flowframes\uzaki-chan.gif
[2025-05-26 19:34:22] [INFO] Job config: {'task': 'both', 'input_format': 'gif', 'output_format': 'png', 'input_path': 'E:/a/flowframes/uzaki-chan.gif', 'output_path': 'E:/a/flowframes', 'upscaling': {'enabled': True, 'model_name': 'waifu2x-ncnn-vulkan', 'params': {'scale': 2, 'noise_level': 2, 'mode': 'noise_scale', 'output_format': 'png', 'gpu_id': 0, 'threads': 2}}, 'interpolation': {'enabled': True, 'model_name': 'rife-ncnn-vulkan', 'params': {'times': 2, 'output_format': 'png', 'threads': 4, 'gpu_id': 0, 'tta_mode': False, 'uhd_mode': False}}, 'misc': {'keep_temp': False, 'log_level': 'info', 'overwrite': True, 'batch': False}, 'log_path': 'logs\\fusion2x_20250526_193330_f5pp4g.log'}
[2025-05-26 19:34:22] [INFO] Detected video or gif input. Beginning frame extraction.
[2025-05-26 19:34:22] [INFO] [VideoDecoder] Running: ffmpeg -i E:\a\flowframes\uzaki-chan.gif -vsync 0 E:\a\flowframes\uzaki-chan_fusion2x_temp_20250526_193422_d59c49\frames\frame_%06d.png -hide_banner -loglevel error
[2025-05-26 19:34:22] [INFO] Extracted frames. Metadata: {'frame_count': 36, 'resolution': '539x539', 'fps': 25.0}
[2025-05-26 19:34:22] [INFO] Starting upscaling process.
[2025-05-26 19:34:22] [INFO] Running upscaling model: waifu2x-ncnn-vulkan
[2025-05-26 19:34:22] [ERROR] waifu2x-ncnn-vulkan.exe not found! Searched for: None
[2025-05-26 19:34:22] [ERROR] Upscaling model 'waifu2x-ncnn-vulkan' failed: waifu2x-ncnn-vulkan.exe not found in models/upscaling/.
[2025-05-26 19:34:22] [ERROR] waifu2x-ncnn-vulkan.exe not found in models/upscaling/.
[2025-05-26 19:34:22] [INFO] Job result: {'status': 'error', 'log_path': 'logs\\fusion2x_20250526_193330_f5pp4g.log', 'message': 'waifu2x-ncnn-vulkan.exe not found in models/upscaling/.', 'output_path': None}
[2025-05-26 19:34:22] [INFO] Receiver.py output: {'status': 'error', 'log_path': 'logs\\fusion2x_20250526_193330_f5pp4g.log', 'message': 'waifu2x-ncnn-vulkan.exe not found in models/upscaling/.', 'output_path': None}
