=== Fusion2X Log Started: 2025-05-26 19:30:06 ===
[2025-05-26 19:30:06] [INFO] === Starting Fusion2X Model Auto-Installer ===
[2025-05-26 19:30:06] [INFO] Detected OS: Windows (is_windows=True)
[2025-05-26 19:30:06] [INFO] Installing Python requirements from requirements.txt...
[2025-05-26 19:30:07] [INFO] Python requirements installed successfully.
[2025-05-26 19:30:07] [INFO] Setting up rife-ncnn-vulkan in models\interpolation
[2025-05-26 19:30:07] [INFO] Found asset for nihui/rife-ncnn-vulkan: rife-ncnn-vulkan-20221029-windows.zip
[2025-05-26 19:30:07] [INFO] rife-ncnn-vulkan already exists at models\interpolation\rife-ncnn-vulkan-20221029-windows, skipping download.
[2025-05-26 19:30:07] [INFO] Setting up waifu2x-ncnn-vulkan in models\upscaling
[2025-05-26 19:30:08] [INFO] Found asset for nihui/waifu2x-ncnn-vulkan: waifu2x-ncnn-vulkan-20250504-windows.zip
[2025-05-26 19:30:08] [INFO] waifu2x-ncnn-vulkan already exists at models\upscaling\waifu2x-ncnn-vulkan-20250504-windows, skipping download.
[2025-05-26 19:30:08] [INFO] Setting up realesrgan-ncnn-vulkan in models\upscaling
[2025-05-26 19:30:08] [INFO] Found asset for xinntao/Real-ESRGAN-ncnn-vulkan: realesrgan-ncnn-vulkan-v0.2.0-windows.zip
[2025-05-26 19:30:08] [INFO] realesrgan-ncnn-vulkan already exists at models\upscaling\realesrgan-ncnn-vulkan-v0.2.0-windows, skipping download.
[2025-05-26 19:30:08] [INFO] Setting up realcugan-ncnn-vulkan in models\upscaling
[2025-05-26 19:30:08] [INFO] Found asset for nihui/realcugan-ncnn-vulkan: realcugan-ncnn-vulkan-20220728-windows.zip
[2025-05-26 19:30:08] [INFO] realcugan-ncnn-vulkan already exists at models\upscaling\realcugan-ncnn-vulkan-20220728-windows, skipping download.
[2025-05-26 19:30:08] [INFO] Setting up realsr-ncnn-vulkan in models\upscaling
[2025-05-26 19:30:09] [INFO] Found asset for nihui/realsr-ncnn-vulkan: realsr-ncnn-vulkan-20220728-windows.zip
[2025-05-26 19:30:09] [INFO] realsr-ncnn-vulkan already exists at models\upscaling\realsr-ncnn-vulkan-20220728-windows, skipping download.
[2025-05-26 19:30:09] [INFO] Setting up srmd-ncnn-vulkan in models\upscaling
[2025-05-26 19:30:09] [INFO] Found asset for nihui/srmd-ncnn-vulkan: srmd-ncnn-vulkan-20220728-windows.zip
[2025-05-26 19:30:09] [INFO] srmd-ncnn-vulkan already exists at models\upscaling\srmd-ncnn-vulkan-20220728-windows, skipping download.
[2025-05-26 19:30:09] [INFO] Setting up FFmpeg.
[2025-05-26 19:30:09] [INFO] FFmpeg found in PATH: True
[2025-05-26 19:30:09] [INFO] FFmpeg already in PATH, skipping download.
[2025-05-26 19:30:09] [INFO] All model and FFmpeg installations completed.
[2025-05-26 19:33:27] [INFO] === Starting Fusion2X Model Auto-Installer ===
[2025-05-26 19:33:27] [INFO] Detected OS: Windows (is_windows=True)
[2025-05-26 19:33:27] [INFO] Installing Python requirements from requirements.txt...
[2025-05-26 19:33:28] [INFO] Python requirements installed successfully.
[2025-05-26 19:33:28] [INFO] Setting up rife-ncnn-vulkan in models\interpolation
[2025-05-26 19:33:28] [INFO] Found asset for nihui/rife-ncnn-vulkan: rife-ncnn-vulkan-20221029-windows.zip
[2025-05-26 19:33:28] [INFO] rife-ncnn-vulkan already exists at models\interpolation\rife-ncnn-vulkan-20221029-windows, skipping download.
[2025-05-26 19:33:28] [INFO] Setting up waifu2x-ncnn-vulkan in models\upscaling
[2025-05-26 19:33:29] [INFO] Found asset for nihui/waifu2x-ncnn-vulkan: waifu2x-ncnn-vulkan-20250504-windows.zip
[2025-05-26 19:33:29] [INFO] waifu2x-ncnn-vulkan already exists at models\upscaling\waifu2x-ncnn-vulkan-20250504-windows, skipping download.
[2025-05-26 19:33:29] [INFO] Setting up realesrgan-ncnn-vulkan in models\upscaling
[2025-05-26 19:33:29] [INFO] Found asset for xinntao/Real-ESRGAN-ncnn-vulkan: realesrgan-ncnn-vulkan-v0.2.0-windows.zip
[2025-05-26 19:33:29] [INFO] realesrgan-ncnn-vulkan already exists at models\upscaling\realesrgan-ncnn-vulkan-v0.2.0-windows, skipping download.
[2025-05-26 19:33:29] [INFO] Setting up realcugan-ncnn-vulkan in models\upscaling
[2025-05-26 19:33:29] [INFO] Found asset for nihui/realcugan-ncnn-vulkan: realcugan-ncnn-vulkan-20220728-windows.zip
[2025-05-26 19:33:29] [INFO] realcugan-ncnn-vulkan already exists at models\upscaling\realcugan-ncnn-vulkan-20220728-windows, skipping download.
[2025-05-26 19:33:29] [INFO] Setting up realsr-ncnn-vulkan in models\upscaling
[2025-05-26 19:33:30] [INFO] Found asset for nihui/realsr-ncnn-vulkan: realsr-ncnn-vulkan-20220728-windows.zip
[2025-05-26 19:33:30] [INFO] realsr-ncnn-vulkan already exists at models\upscaling\realsr-ncnn-vulkan-20220728-windows, skipping download.
[2025-05-26 19:33:30] [INFO] Setting up srmd-ncnn-vulkan in models\upscaling
[2025-05-26 19:33:30] [INFO] Found asset for nihui/srmd-ncnn-vulkan: srmd-ncnn-vulkan-20220728-windows.zip
[2025-05-26 19:33:30] [INFO] srmd-ncnn-vulkan already exists at models\upscaling\srmd-ncnn-vulkan-20220728-windows, skipping download.
[2025-05-26 19:33:30] [INFO] Setting up FFmpeg.
[2025-05-26 19:33:30] [INFO] FFmpeg found in PATH: True
[2025-05-26 19:33:30] [INFO] FFmpeg already in PATH, skipping download.
[2025-05-26 19:33:30] [INFO] All model and FFmpeg installations completed.
[2025-05-26 19:39:50] [INFO] === Starting Fusion2X Model Auto-Installer ===
[2025-05-26 19:39:50] [INFO] Detected OS: Windows (is_windows=True)
[2025-05-26 19:39:50] [INFO] Installing Python requirements from requirements.txt...
[2025-05-26 19:39:50] [INFO] Python requirements installed successfully.
[2025-05-26 19:39:50] [INFO] Setting up rife-ncnn-vulkan in models\interpolation
[2025-05-26 19:39:51] [INFO] Found asset for nihui/rife-ncnn-vulkan: rife-ncnn-vulkan-20221029-windows.zip
[2025-05-26 19:39:51] [INFO] rife-ncnn-vulkan already exists at models\interpolation\rife-ncnn-vulkan-20221029-windows, skipping download.
[2025-05-26 19:39:51] [INFO] Setting up waifu2x-ncnn-vulkan in models\upscaling
[2025-05-26 19:39:51] [INFO] Found asset for nihui/waifu2x-ncnn-vulkan: waifu2x-ncnn-vulkan-20250504-windows.zip
[2025-05-26 19:39:51] [INFO] waifu2x-ncnn-vulkan already exists at models\upscaling\waifu2x-ncnn-vulkan-20250504-windows, skipping download.
[2025-05-26 19:39:51] [INFO] Setting up realesrgan-ncnn-vulkan in models\upscaling
[2025-05-26 19:39:51] [INFO] Found asset for xinntao/Real-ESRGAN-ncnn-vulkan: realesrgan-ncnn-vulkan-v0.2.0-windows.zip
[2025-05-26 19:39:51] [INFO] realesrgan-ncnn-vulkan already exists at models\upscaling\realesrgan-ncnn-vulkan-v0.2.0-windows, skipping download.
[2025-05-26 19:39:51] [INFO] Setting up realcugan-ncnn-vulkan in models\upscaling
[2025-05-26 19:39:52] [INFO] Found asset for nihui/realcugan-ncnn-vulkan: realcugan-ncnn-vulkan-20220728-windows.zip
[2025-05-26 19:39:52] [INFO] realcugan-ncnn-vulkan already exists at models\upscaling\realcugan-ncnn-vulkan-20220728-windows, skipping download.
[2025-05-26 19:39:52] [INFO] Setting up realsr-ncnn-vulkan in models\upscaling
[2025-05-26 19:39:52] [INFO] Found asset for nihui/realsr-ncnn-vulkan: realsr-ncnn-vulkan-20220728-windows.zip
[2025-05-26 19:39:52] [INFO] realsr-ncnn-vulkan already exists at models\upscaling\realsr-ncnn-vulkan-20220728-windows, skipping download.
[2025-05-26 19:39:52] [INFO] Setting up srmd-ncnn-vulkan in models\upscaling
[2025-05-26 19:39:52] [INFO] Found asset for nihui/srmd-ncnn-vulkan: srmd-ncnn-vulkan-20220728-windows.zip
[2025-05-26 19:39:52] [INFO] srmd-ncnn-vulkan already exists at models\upscaling\srmd-ncnn-vulkan-20220728-windows, skipping download.
[2025-05-26 19:39:52] [INFO] Setting up FFmpeg.
[2025-05-26 19:39:52] [INFO] FFmpeg found in PATH: True
[2025-05-26 19:39:52] [INFO] FFmpeg already in PATH, skipping download.
[2025-05-26 19:39:52] [INFO] All model and FFmpeg installations completed.
[2025-05-26 19:42:50] [INFO] === Starting Fusion2X Model Auto-Installer ===
[2025-05-26 19:42:50] [INFO] Detected OS: Windows (is_windows=True)
[2025-05-26 19:42:50] [INFO] Installing Python requirements from requirements.txt...
[2025-05-26 19:42:50] [INFO] Python requirements installed successfully.
[2025-05-26 19:42:50] [INFO] Setting up rife-ncnn-vulkan in models\interpolation
[2025-05-26 19:42:51] [INFO] Found asset for nihui/rife-ncnn-vulkan: rife-ncnn-vulkan-20221029-windows.zip
[2025-05-26 19:42:51] [INFO] rife-ncnn-vulkan already exists at models\interpolation\rife-ncnn-vulkan-20221029-windows, skipping download.
[2025-05-26 19:42:51] [INFO] Setting up waifu2x-ncnn-vulkan in models\upscaling
[2025-05-26 19:42:51] [INFO] Found asset for nihui/waifu2x-ncnn-vulkan: waifu2x-ncnn-vulkan-20250504-windows.zip
[2025-05-26 19:42:51] [INFO] waifu2x-ncnn-vulkan already exists at models\upscaling\waifu2x-ncnn-vulkan-20250504-windows, skipping download.
[2025-05-26 19:42:51] [INFO] Setting up realesrgan-ncnn-vulkan in models\upscaling
[2025-05-26 19:42:51] [INFO] Found asset for xinntao/Real-ESRGAN-ncnn-vulkan: realesrgan-ncnn-vulkan-v0.2.0-windows.zip
[2025-05-26 19:42:51] [INFO] realesrgan-ncnn-vulkan already exists at models\upscaling\realesrgan-ncnn-vulkan-v0.2.0-windows, skipping download.
[2025-05-26 19:42:51] [INFO] Setting up realcugan-ncnn-vulkan in models\upscaling
[2025-05-26 19:42:52] [INFO] Found asset for nihui/realcugan-ncnn-vulkan: realcugan-ncnn-vulkan-20220728-windows.zip
[2025-05-26 19:42:52] [INFO] realcugan-ncnn-vulkan already exists at models\upscaling\realcugan-ncnn-vulkan-20220728-windows, skipping download.
[2025-05-26 19:42:52] [INFO] Setting up realsr-ncnn-vulkan in models\upscaling
[2025-05-26 19:42:52] [INFO] Found asset for nihui/realsr-ncnn-vulkan: realsr-ncnn-vulkan-20220728-windows.zip
[2025-05-26 19:42:52] [INFO] realsr-ncnn-vulkan already exists at models\upscaling\realsr-ncnn-vulkan-20220728-windows, skipping download.
[2025-05-26 19:42:52] [INFO] Setting up srmd-ncnn-vulkan in models\upscaling
[2025-05-26 19:42:52] [INFO] Found asset for nihui/srmd-ncnn-vulkan: srmd-ncnn-vulkan-20220728-windows.zip
[2025-05-26 19:42:52] [INFO] srmd-ncnn-vulkan already exists at models\upscaling\srmd-ncnn-vulkan-20220728-windows, skipping download.
[2025-05-26 19:42:52] [INFO] Setting up FFmpeg.
[2025-05-26 19:42:52] [INFO] FFmpeg found in PATH: True
[2025-05-26 19:42:52] [INFO] FFmpeg already in PATH, skipping download.
[2025-05-26 19:42:52] [INFO] All model and FFmpeg installations completed.
